2023-05-23 23:22:24 - INFO - Successfully processed: ./input/20230523232132_20230523230731_file.csv
2023-05-23 23:22:24 - INFO - Successfully processed: ./input/20230523232132_some.csv
2023-05-23 23:38:29 - WARNING - ./input/20230523230731_file.csv: Extra columns present - They will be ignored for the current processing.
2023-05-23 23:38:29 - INFO - Successfully processed: ./input/20230523230731_file.csv
2023-05-23 23:38:29 - WARNING - ./input/20230523232132_some.csv: Extra columns present - They will be ignored for the current processing.
2023-05-23 23:38:29 - INFO - Successfully processed: ./input/20230523232132_some.csv
2023-05-23 23:40:00 - WARNING - ./input/20230523233829_20230523230731_file.csv: Extra columns present - They will be ignored for the current processing.
2023-05-23 23:40:00 - INFO - Successfully processed: ./input/20230523233829_20230523230731_file.csv
2023-05-23 23:40:00 - WARNING - ./input/20230523233829_20230523232132_some.csv: Extra columns present - They will be ignored for the current processing.
2023-05-23 23:40:00 - INFO - Successfully processed: ./input/20230523233829_20230523232132_some.csv
2023-05-23 23:45:15 - WARNING - ./input/20230523234000_20230523233829_20230523230731_file.csv: Extra columns present - They will be ignored for the current processing.
2023-05-23 23:45:15 - INFO - Successfully processed: ./input/20230523234000_20230523233829_20230523230731_file.csv
2023-05-23 23:45:15 - WARNING - ./input/20230523234000_20230523233829_20230523232132_some.csv: Extra columns present - They will be ignored for the current processing.
2023-05-23 23:45:15 - INFO - Successfully processed: ./input/20230523234000_20230523233829_20230523232132_some.csv
2023-05-24 00:24:38 - INFO - Successfully processed: ./input/20230523232224_20230523232132_20230523230731_file.csv
2023-05-24 00:24:38 - INFO - Successfully processed: ./input/20230523232224_20230523232132_some.csv
2023-05-24 00:24:38 - WARNING - ./input/20230523234515_20230523234000_20230523233829_20230523230731_file.csv: Extra columns present - They will be ignored for the current processing.
2023-05-24 00:24:38 - INFO - Successfully processed: ./input/20230523234515_20230523234000_20230523233829_20230523230731_file.csv
2023-05-24 00:24:38 - WARNING - ./input/20230523234515_20230523234000_20230523233829_20230523232132_some.csv: Extra columns present - They will be ignored for the current processing.
2023-05-24 00:24:38 - INFO - Successfully processed: ./input/20230523234515_20230523234000_20230523233829_20230523232132_some.csv
2023-05-24 00:27:12 - INFO - Successfully processed: ./input/20230524002438_20230523232224_20230523232132_20230523230731_file.csv
2023-05-24 00:27:12 - INFO - Successfully processed: ./input/20230524002438_20230523232224_20230523232132_some.csv
2023-05-24 00:27:12 - WARNING - ./input/20230524002438_20230523234515_20230523234000_20230523233829_20230523230731_file.csv: Extra columns present - They will be ignored for the current processing.
2023-05-24 00:27:12 - INFO - Successfully processed: ./input/20230524002438_20230523234515_20230523234000_20230523233829_20230523230731_file.csv
2023-05-24 00:27:12 - WARNING - ./input/20230524002438_20230523234515_20230523234000_20230523233829_20230523232132_some.csv: Extra columns present - They will be ignored for the current processing.
2023-05-24 00:27:12 - INFO - Successfully processed: ./input/20230524002438_20230523234515_20230523234000_20230523233829_20230523232132_some.csv
2023-05-24 00:29:32 - INFO - Successfully processed: ./input/20230524002712_20230524002438_20230523232224_20230523232132_20230523230731_file.csv
2023-05-24 00:29:32 - INFO - Successfully processed: ./input/20230524002712_20230524002438_20230523232224_20230523232132_some.csv
2023-05-24 00:29:32 - WARNING - ./input/20230524002712_20230524002438_20230523234515_20230523234000_20230523233829_20230523230731_file.csv: Extra columns present - They will be ignored for the current processing.
2023-05-24 00:29:32 - INFO - Successfully processed: ./input/20230524002712_20230524002438_20230523234515_20230523234000_20230523233829_20230523230731_file.csv
2023-05-24 00:29:32 - WARNING - ./input/20230524002712_20230524002438_20230523234515_20230523234000_20230523233829_20230523232132_some.csv: Extra columns present - They will be ignored for the current processing.
2023-05-24 00:29:32 - INFO - Successfully processed: ./input/20230524002712_20230524002438_20230523234515_20230523234000_20230523233829_20230523232132_some.csv
2023-05-24 00:31:29 - INFO - Successfully processed: ./input/20230524002932_20230524002712_20230524002438_20230523232224_20230523232132_20230523230731_file.csv
2023-05-24 00:31:29 - INFO - Successfully processed: ./input/20230524002932_20230524002712_20230524002438_20230523232224_20230523232132_some.csv
2023-05-24 00:31:29 - WARNING - ./input/20230524002932_20230524002712_20230524002438_20230523234515_20230523234000_20230523233829_20230523230731_file.csv: Extra columns present - They will be ignored for the current processing.
2023-05-24 00:31:29 - INFO - Successfully processed: ./input/20230524002932_20230524002712_20230524002438_20230523234515_20230523234000_20230523233829_20230523230731_file.csv
2023-05-24 00:31:29 - WARNING - ./input/20230524002932_20230524002712_20230524002438_20230523234515_20230523234000_20230523233829_20230523232132_some.csv: Extra columns present - They will be ignored for the current processing.
2023-05-24 00:31:29 - INFO - Successfully processed: ./input/20230524002932_20230524002712_20230524002438_20230523234515_20230523234000_20230523233829_20230523232132_some.csv
2023-05-24 00:35:45 - ERROR - ./input/20230524003129_20230524002932_20230524002712_20230524002438_20230523232224_20230523232132_20230523230731_file.csv: Invalid file format - Outliers in 'age'.
2023-05-24 00:35:45 - INFO - Successfully processed: ./input/20230524003129_20230524002932_20230524002712_20230524002438_20230523232224_20230523232132_some.csv
2023-05-24 00:35:45 - WARNING - ./input/20230524003129_20230524002932_20230524002712_20230524002438_20230523234515_20230523234000_20230523233829_20230523230731_file.csv: Extra columns present - They will be ignored for the current processing.
2023-05-24 00:35:45 - INFO - Successfully processed: ./input/20230524003129_20230524002932_20230524002712_20230524002438_20230523234515_20230523234000_20230523233829_20230523230731_file.csv
2023-05-24 00:35:45 - WARNING - ./input/20230524003129_20230524002932_20230524002712_20230524002438_20230523234515_20230523234000_20230523233829_20230523232132_some.csv: Extra columns present - They will be ignored for the current processing.
2023-05-24 00:35:45 - INFO - Successfully processed: ./input/20230524003129_20230524002932_20230524002712_20230524002438_20230523234515_20230523234000_20230523233829_20230523232132_some.csv
2023-05-24 00:36:15 - WARNING - ./input/20230524003129_20230524002932_20230524002712_20230524002438_20230523232224_20230523232132_20230523230731_file.csv: Duplicate records found - They have been removed for processing.
2023-05-24 00:36:15 - INFO - Successfully processed: ./input/20230524003129_20230524002932_20230524002712_20230524002438_20230523232224_20230523232132_20230523230731_file.csv
2023-05-24 00:43:37 - WARNING - ./input/20230524003545_20230524003129_20230524002932_20230524002712_20230524002438_20230523234515_20230523234000_20230523233829_20230523232132_some.csv: Extra columns present - They will be ignored for the current processing.
2023-05-24 00:43:37 - INFO - Successfully processed: ./input/20230524003545_20230524003129_20230524002932_20230524002712_20230524002438_20230523234515_20230523234000_20230523233829_20230523232132_some.csv
2023-05-24 00:43:37 - WARNING - ./input/20230524003615_20230524003129_20230524002932_20230524002712_20230524002438_20230523232224_20230523232132_20230523230731_file.csv: Duplicate records found - They have been removed for processing.
2023-05-24 00:43:37 - INFO - Successfully processed: ./input/20230524003615_20230524003129_20230524002932_20230524002712_20230524002438_20230523232224_20230523232132_20230523230731_file.csv
